<?xml version="1.0" encoding="UTF-8"?>
<testsuite name="nl.tudelft.jpacman.game.GameFactoryTest" tests="1" skipped="0" failures="0" errors="0" timestamp="2017-10-08T00:39:55" hostname="DESKTOP-C12E4ML" time="0.069">
  <properties/>
  <testcase name="getPlayerFactory" classname="nl.tudelft.jpacman.game.GameFactoryTest" time="0.069"/>
  <system-out><![CDATA[]]></system-out>
  <system-err><![CDATA[]]></system-err>
</testsuite>
