<?xml version="1.0" encoding="UTF-8"?>
<testsuite name="nl.tudelft.jpacman.game.GameTest" tests="1" skipped="0" failures="0" errors="0" timestamp="2017-10-08T00:39:56" hostname="DESKTOP-C12E4ML" time="0.005">
  <properties/>
  <testcase name="stop" classname="nl.tudelft.jpacman.game.GameTest" time="0.005"/>
  <system-out><![CDATA[]]></system-out>
  <system-err><![CDATA[]]></system-err>
</testsuite>
